<?xml version="1.0" encoding="UTF-8"?>
<testng-results total="6" passed="6" failed="0" skipped="0">
  <reporter-output>
  </reporter-output>
  <suite started-at="2021-03-10T20:39:50Z" name="Default suite" finished-at="2021-03-10T20:39:50Z" duration-ms="54">
    <groups>
    </groups>
    <test started-at="2021-03-10T20:39:50Z" name="Default test" finished-at="2021-03-10T20:39:50Z" duration-ms="54">
      <class name="com.maven.junit.TestCalculator">
        <test-method signature="testdiv()[pri:0, instance:com.maven.junit.TestCalculator@5f77d0f9]" started-at="2021-03-10T14:39:50Z" name="testdiv" finished-at="2021-03-10T14:39:50Z" duration-ms="17" status="PASS">
          <reporter-output>
          </reporter-output>
        </test-method> <!-- testdiv -->
        <test-method signature="testdiv1()[pri:0, instance:com.maven.junit.TestCalculator@5f77d0f9]" started-at="2021-03-10T14:39:50Z" name="testdiv1" finished-at="2021-03-10T14:39:50Z" duration-ms="1" status="PASS">
          <reporter-output>
          </reporter-output>
        </test-method> <!-- testdiv1 -->
        <test-method signature="testmul()[pri:0, instance:com.maven.junit.TestCalculator@5f77d0f9]" started-at="2021-03-10T14:39:50Z" name="testmul" finished-at="2021-03-10T14:39:50Z" duration-ms="1" status="PASS">
          <reporter-output>
          </reporter-output>
        </test-method> <!-- testmul -->
        <test-method signature="testsub()[pri:0, instance:com.maven.junit.TestCalculator@5f77d0f9]" started-at="2021-03-10T14:39:50Z" name="testsub" finished-at="2021-03-10T14:39:50Z" duration-ms="2" status="PASS">
          <reporter-output>
          </reporter-output>
        </test-method> <!-- testsub -->
        <test-method signature="testsub2()[pri:0, instance:com.maven.junit.TestCalculator@5f77d0f9]" started-at="2021-03-10T14:39:50Z" name="testsub2" finished-at="2021-03-10T14:39:50Z" duration-ms="1" status="PASS">
          <reporter-output>
          </reporter-output>
        </test-method> <!-- testsub2 -->
        <test-method signature="testsum()[pri:0, instance:com.maven.junit.TestCalculator@5f77d0f9]" started-at="2021-03-10T14:39:50Z" name="testsum" finished-at="2021-03-10T14:39:50Z" duration-ms="1" status="PASS">
          <reporter-output>
          </reporter-output>
        </test-method> <!-- testsum -->
      </class> <!-- com.maven.junit.TestCalculator -->
    </test> <!-- Default test -->
  </suite> <!-- Default suite -->
</testng-results>
