<?xml version="1.0" encoding="UTF-8"?>
<!-- Generated by org.testng.reporters.JUnitXMLReporter -->
<testsuite hostname="LAPTOP-RGDDN28M" failures="0" tests="6" name="Default test" time="0.054" errors="0" timestamp="10 Mar 2021 20:39:50 GMT">
  <testcase classname="com.maven.junit.TestCalculator" name="testdiv" time="0.017"/>
  <testcase classname="com.maven.junit.TestCalculator" name="testdiv1" time="0.001"/>
  <testcase classname="com.maven.junit.TestCalculator" name="testmul" time="0.001"/>
  <testcase classname="com.maven.junit.TestCalculator" name="testsub" time="0.002"/>
  <testcase classname="com.maven.junit.TestCalculator" name="testsub2" time="0.001"/>
  <testcase classname="com.maven.junit.TestCalculator" name="testsum" time="0.001"/>
</testsuite> <!-- Default test -->
